▲ Next.js 16.2.9
- Local:         http://localhost:3000
- Network:       http://10.0.0.142:3000
✓ Ready in 320ms
prisma:error Error in PostgreSQL connection: Error { kind: Io, cause: Some(Os { code: 10054, kind: ConnectionReset, message: "An existing connection was forcibly closed by the remote host." }) }
prisma:error Error in PostgreSQL connection: Error { kind: Io, cause: Some(Os { code: 10054, kind: ConnectionReset, message: "An existing connection was forcibly closed by the remote host." }) }
prisma:error Error in PostgreSQL connection: Error { kind: Io, cause: Some(Os { code: 10054, kind: ConnectionReset, message: "An existing connection was forcibly closed by the remote host." }) }
prisma:error Error in PostgreSQL connection: Error { kind: Io, cause: Some(Os { code: 10054, kind: ConnectionReset, message: "An existing connection was forcibly closed by the remote host." }) }
prisma:error Error in PostgreSQL connection: Error { kind: Io, cause: Some(Os { code: 10054, kind: ConnectionReset, message: "An existing connection was forcibly closed by the remote host." }) }
prisma:error Error in PostgreSQL connection: Error { kind: Io, cause: Some(Os { code: 10054, kind: ConnectionReset, message: "An existing connection was forcibly closed by the remote host." }) }
prisma:error Error in PostgreSQL connection: Error { kind: Io, cause: Some(Os { code: 10054, kind: ConnectionReset, message: "An existing connection was forcibly closed by the remote host." }) }
prisma:error Error in PostgreSQL connection: Error { kind: Io, cause: Some(Os { code: 10054, kind: ConnectionReset, message: "An existing connection was forcibly closed by the remote host." }) }
prisma:error Error in PostgreSQL connection: Error { kind: Io, cause: Some(Os { code: 10054, kind: ConnectionReset, message: "An existing connection was forcibly closed by the remote host." }) }
prisma:error Error in PostgreSQL connection: Error { kind: Io, cause: Some(Os { code: 10054, kind: ConnectionReset, message: "An existing connection was forcibly closed by the remote host." }) }
prisma:error Error in PostgreSQL connection: Error { kind: Io, cause: Some(Os { code: 10054, kind: ConnectionReset, message: "An existing connection was forcibly closed by the remote host." }) }
prisma:error Error in PostgreSQL connection: Error { kind: Io, cause: Some(Os { code: 10054, kind: ConnectionReset, message: "An existing connection was forcibly closed by the remote host." }) }
prisma:error Error in PostgreSQL connection: Error { kind: Io, cause: Some(Os { code: 10054, kind: ConnectionReset, message: "An existing connection was forcibly closed by the remote host." }) }
prisma:error Error in PostgreSQL connection: Error { kind: Io, cause: Some(Os { code: 10054, kind: ConnectionReset, message: "An existing connection was forcibly closed by the remote host." }) }
prisma:error Error in PostgreSQL connection: Error { kind: Io, cause: Some(Os { code: 10054, kind: ConnectionReset, message: "An existing connection was forcibly closed by the remote host." }) }
prisma:error Error in PostgreSQL connection: Error { kind: Io, cause: Some(Os { code: 10054, kind: ConnectionReset, message: "An existing connection was forcibly closed by the remote host." }) }
prisma:error Error in PostgreSQL connection: Error { kind: Io, cause: Some(Os { code: 10054, kind: ConnectionReset, message: "An existing connection was forcibly closed by the remote host." }) }
prisma:error Error in PostgreSQL connection: Error { kind: Io, cause: Some(Os { code: 10054, kind: ConnectionReset, message: "An existing connection was forcibly closed by the remote host." }) }
prisma:error Error in PostgreSQL connection: Error { kind: Io, cause: Some(Os { code: 10054, kind: ConnectionReset, message: "An existing connection was forcibly closed by the remote host." }) }
prisma:error Error in PostgreSQL connection: Error { kind: Io, cause: Some(Os { code: 10054, kind: ConnectionReset, message: "An existing connection was forcibly closed by the remote host." }) }
prisma:error Error in PostgreSQL connection: Error { kind: Io, cause: Some(Os { code: 10054, kind: ConnectionReset, message: "An existing connection was forcibly closed by the remote host." }) }
prisma:error Error in PostgreSQL connection: Error { kind: Io, cause: Some(Os { code: 10054, kind: ConnectionReset, message: "An existing connection was forcibly closed by the remote host." }) }
prisma:error 
Invalid `prisma.schedule.findFirst()` invocation:


Error in connector: Error querying the database: FATAL: (EMAXCONNSESSION) max clients reached in session mode - max clients are limited to pool_size: 15
prisma:error 
Invalid `prisma.session.findUnique()` invocation:


Error in connector: Error querying the database: FATAL: (EMAXCONNSESSION) max clients reached in session mode - max clients are limited to pool_size: 15
prisma:error 
Invalid `prisma.schedule.findFirst()` invocation:


Error in connector: Error querying the database: FATAL: (EMAXCONNSESSION) max clients reached in session mode - max clients are limited to pool_size: 15
prisma:error 
Invalid `prisma.calendarConnection.findFirst()` invocation:


Error in connector: Error querying the database: FATAL: (EMAXCONNSESSION) max clients reached in session mode - max clients are limited to pool_size: 15
prisma:error Error in PostgreSQL connection: Error { kind: Io, cause: Some(Os { code: 10054, kind: ConnectionReset, message: "An existing connection was forcibly closed by the remote host." }) }
prisma:error Error in PostgreSQL connection: Error { kind: Io, cause: Some(Os { code: 10054, kind: ConnectionReset, message: "An existing connection was forcibly closed by the remote host." }) }
prisma:error Error in PostgreSQL connection: Error { kind: Io, cause: Some(Os { code: 10054, kind: ConnectionReset, message: "An existing connection was forcibly closed by the remote host." }) }
prisma:error Error in PostgreSQL connection: Error { kind: Io, cause: Some(Os { code: 10054, kind: ConnectionReset, message: "An existing connection was forcibly closed by the remote host." }) }
prisma:error Error in PostgreSQL connection: Error { kind: Io, cause: Some(Os { code: 10054, kind: ConnectionReset, message: "An existing connection was forcibly closed by the remote host." }) }
prisma:error Error in PostgreSQL connection: Error { kind: Io, cause: Some(Os { code: 10054, kind: ConnectionReset, message: "An existing connection was forcibly closed by the remote host." }) }
prisma:error Error in PostgreSQL connection: Error { kind: Io, cause: Some(Os { code: 10054, kind: ConnectionReset, message: "An existing connection was forcibly closed by the remote host." }) }
prisma:error Error in PostgreSQL connection: Error { kind: Io, cause: Some(Os { code: 10054, kind: ConnectionReset, message: "An existing connection was forcibly closed by the remote host." }) }
prisma:error Error in PostgreSQL connection: Error { kind: Io, cause: Some(Os { code: 10054, kind: ConnectionReset, message: "An existing connection was forcibly closed by the remote host." }) }
prisma:error Error in PostgreSQL connection: Error { kind: Io, cause: Some(Os { code: 10054, kind: ConnectionReset, message: "An existing connection was forcibly closed by the remote host." }) }
prisma:error Error in PostgreSQL connection: Error { kind: Io, cause: Some(Os { code: 10054, kind: ConnectionReset, message: "An existing connection was forcibly closed by the remote host." }) }
prisma:error Error in PostgreSQL connection: Error { kind: Io, cause: Some(Os { code: 10054, kind: ConnectionReset, message: "An existing connection was forcibly closed by the remote host." }) }
prisma:error Error in PostgreSQL connection: Error { kind: Io, cause: Some(Os { code: 10054, kind: ConnectionReset, message: "An existing connection was forcibly closed by the remote host." }) }
prisma:error Error in PostgreSQL connection: Error { kind: Io, cause: Some(Os { code: 10054, kind: ConnectionReset, message: "An existing connection was forcibly closed by the remote host." }) }
prisma:error Error in PostgreSQL connection: Error { kind: Io, cause: Some(Os { code: 10054, kind: ConnectionReset, message: "An existing connection was forcibly closed by the remote host." }) }
